<?xml version="1.0" encoding="UTF-8"?>
<!-- Generated by org.testng.reporters.JUnitReportReporter -->
<testsuite hostname="DESKTOP-8GT2UO7" failures="0" tests="1" name="BasicNg.ExceptionTimeoutTest" time="0.001" errors="0" timestamp="2021-04-07T16:29:00 IST" skipped="0">
  <testcase classname="BasicNg.ExceptionTimeoutTest" name="Test1" time="0.001"/>
  <system-out/>
</testsuite> <!-- BasicNg.ExceptionTimeoutTest -->
