<?xml version="1.0" encoding="UTF-8"?>
<!-- Generated by org.testng.reporters.JUnitReportReporter -->
<testsuite hostname="DESKTOP-8GT2UO7" failures="0" tests="3" name="BasicNg.DemoTestng" time="0.031" errors="0" timestamp="2021-04-07T16:47:04 IST" skipped="0">
  <testcase classname="BasicNg.DemoTestng" name="SearchTest" time="0.001"/>
  <system-out/>
  <testcase classname="BasicNg.DemoTestng" name="googleTitleTest" time="0.006"/>
  <system-out/>
  <testcase classname="BasicNg.DemoTestng" name="GoogleLogoTest" time="0.024"/>
  <system-out/>
</testsuite> <!-- BasicNg.DemoTestng -->
