<?xml version="1.0" encoding="UTF-8"?>
<!-- Generated by org.testng.reporters.JUnitReportReporter -->
<testsuite hostname="DESKTOP-8GT2UO7" failures="0" tests="10" name="BasicNg.InvocationCount" time="0.020" errors="0" timestamp="2021-04-07T16:29:00 IST" skipped="0">
  <testcase classname="BasicNg.InvocationCount" name="Sum" time="0.004"/>
  <system-out/>
  <testcase classname="BasicNg.InvocationCount" name="Sum" time="0.001"/>
  <system-out/>
  <testcase classname="BasicNg.InvocationCount" name="Sum" time="0.001"/>
  <system-out/>
  <testcase classname="BasicNg.InvocationCount" name="Sum" time="0.002"/>
  <system-out/>
  <testcase classname="BasicNg.InvocationCount" name="Sum" time="0.002"/>
  <system-out/>
  <testcase classname="BasicNg.InvocationCount" name="Sum" time="0.002"/>
  <system-out/>
  <testcase classname="BasicNg.InvocationCount" name="Sum" time="0.002"/>
  <system-out/>
  <testcase classname="BasicNg.InvocationCount" name="Sum" time="0.002"/>
  <system-out/>
  <testcase classname="BasicNg.InvocationCount" name="Sum" time="0.002"/>
  <system-out/>
  <testcase classname="BasicNg.InvocationCount" name="Sum" time="0.002"/>
  <system-out/>
</testsuite> <!-- BasicNg.InvocationCount -->
